Evaluating for  20
        0.00 real         0.00 user         0.00 sys
             1523712  maximum resident set size
             1049280  peak memory footprint
        0.00 real         0.00 user         0.00 sys
             1507328  maximum resident set size
             1049280  peak memory footprint
        0.00 real         0.00 user         0.00 sys
             1490944  maximum resident set size
             1049344  peak memory footprint
Evaluating for  40
        0.00 real         0.00 user         0.00 sys
             1540096  maximum resident set size
             1065664  peak memory footprint
        0.00 real         0.00 user         0.00 sys
             1507328  maximum resident set size
             1049280  peak memory footprint
        0.00 real         0.00 user         0.00 sys
             1523712  maximum resident set size
             1065664  peak memory footprint
Evaluating for  80
        0.00 real         0.00 user         0.00 sys
             1540096  maximum resident set size
             1065664  peak memory footprint
        0.00 real         0.00 user         0.00 sys
             1507328  maximum resident set size
             1065728  peak memory footprint
        0.00 real         0.00 user         0.00 sys
             1507328  maximum resident set size
             1049280  peak memory footprint
Evaluating for  160
        0.00 real         0.00 user         0.00 sys
             1540096  maximum resident set size
             1065664  peak memory footprint
        0.00 real         0.00 user         0.00 sys
             1540096  maximum resident set size
             1082048  peak memory footprint
        0.00 real         0.00 user         0.00 sys
             1572864  maximum resident set size
             1114816  peak memory footprint
Evaluating for  320
        0.00 real         0.00 user         0.00 sys
             1540096  maximum resident set size
             1065664  peak memory footprint
        0.00 real         0.00 user         0.00 sys
             1556480  maximum resident set size
             1098432  peak memory footprint
        0.00 real         0.00 user         0.00 sys
             1720320  maximum resident set size
             1245888  peak memory footprint
Evaluating for  640
        0.00 real         0.00 user         0.00 sys
             1572864  maximum resident set size
             1098432  peak memory footprint
        0.00 real         0.00 user         0.00 sys
             1540096  maximum resident set size
             1082048  peak memory footprint
        0.00 real         0.00 user         0.00 sys
             2342912  maximum resident set size
             1884928  peak memory footprint
Evaluating for  1280
        0.00 real         0.00 user         0.00 sys
             1687552  maximum resident set size
             1213120  peak memory footprint
        0.00 real         0.00 user         0.00 sys
             1556480  maximum resident set size
             1098432  peak memory footprint
        0.00 real         0.00 user         0.00 sys
             4816896  maximum resident set size
             4309696  peak memory footprint
Evaluating for  2560
        0.00 real         0.00 user         0.00 sys
             2064384  maximum resident set size
             1589952  peak memory footprint
        0.00 real         0.00 user         0.00 sys
             1556480  maximum resident set size
             1098432  peak memory footprint
        0.00 real         0.00 user         0.00 sys
            14663680  maximum resident set size
            14140032  peak memory footprint
Evaluating for  5120
        0.00 real         0.00 user         0.00 sys
             2228224  maximum resident set size
             1753792  peak memory footprint
        0.03 real         0.03 user         0.00 sys
             1622016  maximum resident set size
             1180416  peak memory footprint
        0.02 real         0.02 user         0.00 sys
            53968896  maximum resident set size
            53560192  peak memory footprint
Evaluating for  10240
        0.00 real         0.00 user         0.00 sys
             2244608  maximum resident set size
             1770176  peak memory footprint
        0.11 real         0.11 user         0.00 sys
             1687552  maximum resident set size
             1245952  peak memory footprint
        0.11 real         0.08 user         0.02 sys
           211353600  maximum resident set size
           210994240  peak memory footprint
Evaluating for  20480
        0.00 real         0.00 user         0.00 sys
             2228224  maximum resident set size
             1753792  peak memory footprint
        0.44 real         0.44 user         0.00 sys
             1982464  maximum resident set size
             1426112  peak memory footprint
        0.51 real         0.35 user         0.10 sys
           649461760  maximum resident set size
           840567040  peak memory footprint
Evaluating for  40960
        0.04 real         0.04 user         0.00 sys
             2752512  maximum resident set size
             2278080  peak memory footprint
        1.99 real         1.98 user         0.00 sys
             2162688  maximum resident set size
             1721088  peak memory footprint
        2.34 real         1.44 user         0.41 sys
           796295168  maximum resident set size
          3358661632  peak memory footprint
Evaluating for  81920
        0.17 real         0.16 user         0.00 sys
             3457024  maximum resident set size
             3064832  peak memory footprint
        9.54 real         9.49 user         0.03 sys
             2916352  maximum resident set size
             2360000  peak memory footprint
        8.50 real         5.60 user         1.51 sys
          1018839040  maximum resident set size
         13430400832  peak memory footprint
Evaluating for  163840
        0.67 real         0.66 user         0.00 sys
             3637248  maximum resident set size
             3228608  peak memory footprint
       37.01 real        36.92 user         0.06 sys
             4161536  maximum resident set size
             3670976  peak memory footprint
time: command terminated abnormally
       27.54 real        19.66 user         3.75 sys
          2789916672  maximum resident set size
         46941016960  peak memory footprint
time: signal: Invalid argument
Evaluating for  327680
        2.47 real         2.46 user         0.00 sys
             5193728  maximum resident set size
             4768640  peak memory footprint
      187.35 real       186.18 user         0.56 sys
             6258688  maximum resident set size
             6062912  peak memory footprint
time: command terminated abnormally
       25.96 real        18.65 user         4.06 sys
          1073987584  maximum resident set size
         46139376704  peak memory footprint
time: signal: Invalid argument
Evaluating for  655360
       10.49 real        10.45 user         0.02 sys
             7782400  maximum resident set size
             7357312  peak memory footprint
Evaluating for  1310720
Evaluating for  2621440
time: command terminated abnormally
        0.05 real         0.00 user         0.00 sys
             5816320  maximum resident set size
             5309184  peak memory footprint
Evaluating for  5242880
