Evaluating for  20
        0.00 real         0.00 user         0.00 sys
             1523712  maximum resident set size
             1049280  peak memory footprint
        0.00 real         0.00 user         0.00 sys
             1507328  maximum resident set size
             1049280  peak memory footprint
        0.00 real         0.00 user         0.00 sys
             1490944  maximum resident set size
             1032896  peak memory footprint
Evaluating for  40
        0.00 real         0.00 user         0.00 sys
             1556480  maximum resident set size
             1082048  peak memory footprint
        0.00 real         0.00 user         0.00 sys
             1507328  maximum resident set size
             1049280  peak memory footprint
        0.00 real         0.00 user         0.00 sys
             1523712  maximum resident set size
             1065664  peak memory footprint
Evaluating for  80
        0.00 real         0.00 user         0.00 sys
             1572864  maximum resident set size
             1098432  peak memory footprint
        0.00 real         0.00 user         0.00 sys
             1507328  maximum resident set size
             1049280  peak memory footprint
        0.00 real         0.00 user         0.00 sys
             1507328  maximum resident set size
             1049280  peak memory footprint
Evaluating for  160
        0.00 real         0.00 user         0.00 sys
             1556480  maximum resident set size
             1098496  peak memory footprint
        0.00 real         0.00 user         0.00 sys
             1540096  maximum resident set size
             1098496  peak memory footprint
        0.00 real         0.00 user         0.00 sys
             1572864  maximum resident set size
             1114816  peak memory footprint
Evaluating for  320
        0.00 real         0.00 user         0.00 sys
             1556480  maximum resident set size
             1082048  peak memory footprint
        0.00 real         0.00 user         0.00 sys
             1556480  maximum resident set size
             1098432  peak memory footprint
        0.00 real         0.00 user         0.00 sys
             1720320  maximum resident set size
             1245888  peak memory footprint
Evaluating for  640
        0.00 real         0.00 user         0.00 sys
             1572864  maximum resident set size
             1098432  peak memory footprint
        0.00 real         0.00 user         0.00 sys
             1540096  maximum resident set size
             1082048  peak memory footprint
        0.00 real         0.00 user         0.00 sys
             2342912  maximum resident set size
             1868480  peak memory footprint
Evaluating for  1280
        0.00 real         0.00 user         0.00 sys
             1703936  maximum resident set size
             1245952  peak memory footprint
        0.00 real         0.00 user         0.00 sys
             1556480  maximum resident set size
             1114880  peak memory footprint
        0.00 real         0.00 user         0.00 sys
             4800512  maximum resident set size
             4293312  peak memory footprint
Evaluating for  2560
        0.00 real         0.00 user         0.00 sys
             2097152  maximum resident set size
             1622720  peak memory footprint
        0.00 real         0.00 user         0.00 sys
             1556480  maximum resident set size
             1098432  peak memory footprint
        0.00 real         0.00 user         0.00 sys
            14614528  maximum resident set size
            14107328  peak memory footprint
Evaluating for  5120
        0.00 real         0.00 user         0.00 sys
             2228224  maximum resident set size
             1770240  peak memory footprint
        0.03 real         0.02 user         0.00 sys
             1622016  maximum resident set size
             1163968  peak memory footprint
        0.03 real         0.02 user         0.00 sys
            53772288  maximum resident set size
            53380032  peak memory footprint
Evaluating for  10240
        0.00 real         0.00 user         0.00 sys
             2342912  maximum resident set size
             1868480  peak memory footprint
        0.12 real         0.12 user         0.00 sys
             1802240  maximum resident set size
             1360640  peak memory footprint
        0.12 real         0.08 user         0.02 sys
           210255872  maximum resident set size
           209912960  peak memory footprint
Evaluating for  20480
        0.01 real         0.01 user         0.00 sys
             2424832  maximum resident set size
             1966848  peak memory footprint
        0.49 real         0.48 user         0.00 sys
             1933312  maximum resident set size
             1393408  peak memory footprint
        0.60 real         0.37 user         0.10 sys
           429604864  maximum resident set size
           837028032  peak memory footprint
Evaluating for  40960
        0.06 real         0.06 user         0.00 sys
             3014656  maximum resident set size
             2606016  peak memory footprint
        2.02 real         2.01 user         0.00 sys
             2244608  maximum resident set size
             1704704  peak memory footprint
        2.15 real         1.43 user         0.40 sys
           698908672  maximum resident set size
          3344866304  peak memory footprint
Evaluating for  81920
        0.24 real         0.24 user         0.00 sys
             3325952  maximum resident set size
             2917312  peak memory footprint
        8.17 real         8.13 user         0.02 sys
             2867200  maximum resident set size
             2327296  peak memory footprint
        8.79 real         5.87 user         1.47 sys
          1056980992  maximum resident set size
         13382887104  peak memory footprint
Evaluating for  163840
        0.95 real         0.95 user         0.00 sys
             6258688  maximum resident set size
             5850048  peak memory footprint
       32.86 real        32.73 user         0.08 sys
             4079616  maximum resident set size
             3556160  peak memory footprint
time: command terminated abnormally
       28.10 real        19.96 user         3.98 sys
          2719612928  maximum resident set size
         46130631168  peak memory footprint
time: signal: Invalid argument
Evaluating for  327680
        3.85 real         3.84 user         0.00 sys
             6914048  maximum resident set size
             6505408  peak memory footprint
      131.76 real       131.50 user         0.20 sys
             6340608  maximum resident set size
             5915456  peak memory footprint
time: command terminated abnormally
       26.02 real        18.97 user         3.96 sys
          1770586112  maximum resident set size
         46157528640  peak memory footprint
time: signal: Invalid argument
Evaluating for  655360
       15.20 real        15.14 user         0.03 sys
            12337152  maximum resident set size
             8586176  peak memory footprint
      532.82 real       530.86 user         1.37 sys
            10436608  maximum resident set size
            10781696  peak memory footprint
time: command terminated abnormally
       24.23 real        17.38 user         4.57 sys
          1076903936  maximum resident set size
         46157261888  peak memory footprint
time: signal: Invalid argument
Evaluating for  1310720
       60.42 real        60.24 user         0.11 sys
            20267008  maximum resident set size
            12305280  peak memory footprint
Evaluating for  2621440
time: command terminated abnormally
        0.11 real         0.00 user         0.00 sys
             5783552  maximum resident set size
             5259968  peak memory footprint
Evaluating for  5242880
time: command terminated abnormally
        0.02 real         0.01 user         0.00 sys
            11632640  maximum resident set size
             8553280  peak memory footprint
Evaluating for  10485760
time: command terminated abnormally
        0.04 real         0.02 user         0.00 sys
            18350080  maximum resident set size
            11600640  peak memory footprint
Evaluating for  20971520
time: command terminated abnormally
        0.07 real         0.05 user         0.00 sys
            47824896  maximum resident set size
            24363904  peak memory footprint
Evaluating for  41943040
