Percent is  10
        0.23 real         0.22 user         0.00 sys
             4128768  maximum resident set size
             3720128  peak memory footprint
       46.83 real        46.73 user         0.07 sys
             4718592  maximum resident set size
             4178688  peak memory footprint
Percent is  20
        0.38 real         0.38 user         0.00 sys
             5079040  maximum resident set size
             4637504  peak memory footprint
       47.35 real        47.28 user         0.06 sys
             4587520  maximum resident set size
             4145920  peak memory footprint
Percent is  30
        0.46 real         0.44 user         0.00 sys
             8093696  maximum resident set size
             7685184  peak memory footprint
       47.48 real        47.42 user         0.06 sys
             4587520  maximum resident set size
             4145920  peak memory footprint
Percent is  40
        0.71 real         0.71 user         0.00 sys
             6193152  maximum resident set size
             5817408  peak memory footprint
       46.92 real        46.85 user         0.06 sys
             4751360  maximum resident set size
             4227904  peak memory footprint
Percent is  50
        0.75 real         0.75 user         0.00 sys
             6504448  maximum resident set size
             6095808  peak memory footprint
       47.29 real        47.21 user         0.07 sys
             4718592  maximum resident set size
             4195136  peak memory footprint
Percent is  60
        0.79 real         0.78 user         0.00 sys
             6307840  maximum resident set size
             5915648  peak memory footprint
       47.48 real        47.42 user         0.06 sys
             4587520  maximum resident set size
             4145920  peak memory footprint
Percent is  70
        0.82 real         0.81 user         0.00 sys
             5636096  maximum resident set size
             5211008  peak memory footprint
       46.81 real        46.74 user         0.06 sys
             4718592  maximum resident set size
             4178688  peak memory footprint
Percent is  80
        0.86 real         0.85 user         0.00 sys
             6586368  maximum resident set size
             6194304  peak memory footprint
       47.41 real        47.33 user         0.06 sys
             4489216  maximum resident set size
             4178688  peak memory footprint
Percent is  90
        1.24 real         1.23 user         0.00 sys
             6553600  maximum resident set size
             6161408  peak memory footprint
       47.70 real        47.56 user         0.11 sys
             4489216  maximum resident set size
             4227904  peak memory footprint
Percent is  100
        1.28 real         1.26 user         0.00 sys
             7553024  maximum resident set size
             7160832  peak memory footprint
       47.78 real        47.49 user         0.18 sys
             4358144  maximum resident set size
             4195136  peak memory footprint
