Percent is  20
        0.13 real         0.12 user         0.00 sys
             3457024  maximum resident set size
             3031936  peak memory footprint
       11.70 real        11.68 user         0.02 sys
             3227648  maximum resident set size
             2687744  peak memory footprint
       19.16 real         8.71 user         2.63 sys
          1645445120  maximum resident set size
         20035295296  peak memory footprint
Percent is  40
        0.19 real         0.18 user         0.00 sys
             4685824  maximum resident set size
             4227840  peak memory footprint
       11.73 real        11.65 user         0.05 sys
             3227648  maximum resident set size
             2671296  peak memory footprint
       17.64 real         8.43 user         2.57 sys
          3485401088  maximum resident set size
         19744396864  peak memory footprint
Percent is  60
        0.20 real         0.20 user         0.00 sys
             3653632  maximum resident set size
             3244992  peak memory footprint
       11.91 real        11.86 user         0.04 sys
             3227648  maximum resident set size
             2687744  peak memory footprint
       18.43 real         8.52 user         2.54 sys
          3350200320  maximum resident set size
         20076140736  peak memory footprint
Percent is  80
        0.22 real         0.21 user         0.00 sys
             3948544  maximum resident set size
             3507008  peak memory footprint
       11.88 real        11.85 user         0.02 sys
             3096576  maximum resident set size
             2654976  peak memory footprint
       16.97 real         8.36 user         2.49 sys
          3085402112  maximum resident set size
         20074551424  peak memory footprint
